<?xml version="1.0" encoding="UTF-8"?>
<testsuite xmlns:xsi="http://www.w3.org/2001/XMLSchema-instance" xsi:noNamespaceSchemaLocation="https://maven.apache.org/surefire/maven-surefire-plugin/xsd/surefire-test-report.xsd" name="io.moderne.cwe338.CWE338Test" time="0.581" tests="1" errors="0" skipped="0" failures="0">
  <properties>
    <property name="java.specification.version" value="14"/>
    <property name="sun.jnu.encoding" value="UTF-8"/>
    <property name="java.class.path" value="/Users/jon/Projects/github/moderneinc/jhipster-cwe-338/target/test-classes:/Users/jon/Projects/github/moderneinc/jhipster-cwe-338/target/classes:/Users/jon/.m2/repository/com/google/cloud/functions/functions-framework-api/1.0.2/functions-framework-api-1.0.2.jar:/Users/jon/.m2/repository/io/cloudevents/cloudevents-api/2.0.0-milestone1/cloudevents-api-2.0.0-milestone1.jar:/Users/jon/.m2/repository/org/openrewrite/rewrite-java-11/5.0.0/rewrite-java-11-5.0.0.jar:/Users/jon/.m2/repository/org/openrewrite/rewrite-core/5.0.0/rewrite-core-5.0.0.jar:/Users/jon/.m2/repository/javax/inject/javax.inject/1/javax.inject-1.jar:/Users/jon/.m2/repository/io/micrometer/micrometer-core/1.5.4/micrometer-core-1.5.4.jar:/Users/jon/.m2/repository/org/hdrhistogram/HdrHistogram/2.1.12/HdrHistogram-2.1.12.jar:/Users/jon/.m2/repository/org/latencyutils/LatencyUtils/2.0.3/LatencyUtils-2.0.3.jar:/Users/jon/.m2/repository/org/kohsuke/github-api/1.116/github-api-1.116.jar:/Users/jon/.m2/repository/commons-io/commons-io/2.4/commons-io-2.4.jar:/Users/jon/.m2/repository/com/google/code/findbugs/jsr305/3.0.2/jsr305-3.0.2.jar:/Users/jon/.m2/repository/org/eclipse/jgit/org.eclipse.jgit/5.8.1.202007141445-r/org.eclipse.jgit-5.8.1.202007141445-r.jar:/Users/jon/.m2/repository/com/googlecode/javaewah/JavaEWAH/1.1.7/JavaEWAH-1.1.7.jar:/Users/jon/.m2/repository/com/fasterxml/jackson/core/jackson-databind/2.11.2/jackson-databind-2.11.2.jar:/Users/jon/.m2/repository/com/fasterxml/jackson/core/jackson-core/2.11.2/jackson-core-2.11.2.jar:/Users/jon/.m2/repository/com/fasterxml/jackson/dataformat/jackson-dataformat-smile/2.11.2/jackson-dataformat-smile-2.11.2.jar:/Users/jon/.m2/repository/com/koloboke/koloboke-api-jdk8/1.0.0/koloboke-api-jdk8-1.0.0.jar:/Users/jon/.m2/repository/com/koloboke/koloboke-impl-jdk8/1.0.0/koloboke-impl-jdk8-1.0.0.jar:/Users/jon/.m2/repository/com/koloboke/koloboke-impl-common-jdk8/1.0.0/koloboke-impl-common-jdk8-1.0.0.jar:/Users/jon/.m2/repository/io/github/classgraph/classgraph/4.8.89/classgraph-4.8.89.jar:/Users/jon/.m2/repository/org/yaml/snakeyaml/1.26/snakeyaml-1.26.jar:/Users/jon/.m2/repository/org/openrewrite/rewrite-java/5.0.0/rewrite-java-5.0.0.jar:/Users/jon/.m2/repository/com/fasterxml/jackson/core/jackson-annotations/2.11.2/jackson-annotations-2.11.2.jar:/Users/jon/.m2/repository/org/antlr/antlr4/4.8-1/antlr4-4.8-1.jar:/Users/jon/.m2/repository/org/antlr/antlr4-runtime/4.8-1/antlr4-runtime-4.8-1.jar:/Users/jon/.m2/repository/org/antlr/antlr-runtime/3.5.2/antlr-runtime-3.5.2.jar:/Users/jon/.m2/repository/org/antlr/ST4/4.3/ST4-4.3.jar:/Users/jon/.m2/repository/org/abego/treelayout/org.abego.treelayout.core/1.0.3/org.abego.treelayout.core-1.0.3.jar:/Users/jon/.m2/repository/org/glassfish/javax.json/1.0.4/javax.json-1.0.4.jar:/Users/jon/.m2/repository/com/ibm/icu/icu4j/61.1/icu4j-61.1.jar:/Users/jon/.m2/repository/commons-lang/commons-lang/2.6/commons-lang-2.6.jar:/Users/jon/.m2/repository/org/ow2/asm/asm/9.0-beta/asm-9.0-beta.jar:/Users/jon/.m2/repository/org/ow2/asm/asm-util/9.0-beta/asm-util-9.0-beta.jar:/Users/jon/.m2/repository/org/ow2/asm/asm-tree/9.0-beta/asm-tree-9.0-beta.jar:/Users/jon/.m2/repository/org/ow2/asm/asm-analysis/9.0-beta/asm-analysis-9.0-beta.jar:/Users/jon/.m2/repository/org/slf4j/slf4j-api/1.7.30/slf4j-api-1.7.30.jar:/Users/jon/.m2/repository/org/apache/commons/commons-lang3/3.11/commons-lang3-3.11.jar:/Users/jon/.m2/repository/ch/qos/logback/logback-core/1.0.13/logback-core-1.0.13.jar:/Users/jon/.m2/repository/org/jetbrains/kotlin/kotlin-reflect/1.4.0/kotlin-reflect-1.4.0.jar:/Users/jon/.m2/repository/org/jetbrains/kotlin/kotlin-stdlib-jdk8/1.4.0/kotlin-stdlib-jdk8-1.4.0.jar:/Users/jon/.m2/repository/org/jetbrains/kotlin/kotlin-stdlib-jdk7/1.4.0/kotlin-stdlib-jdk7-1.4.0.jar:/Users/jon/.m2/repository/org/junit/jupiter/junit-jupiter-api/5.7.0-RC1/junit-jupiter-api-5.7.0-RC1.jar:/Users/jon/.m2/repository/org/apiguardian/apiguardian-api/1.1.0/apiguardian-api-1.1.0.jar:/Users/jon/.m2/repository/org/opentest4j/opentest4j/1.2.0/opentest4j-1.2.0.jar:/Users/jon/.m2/repository/org/junit/platform/junit-platform-commons/1.7.0-RC1/junit-platform-commons-1.7.0-RC1.jar:/Users/jon/.m2/repository/org/junit/jupiter/junit-jupiter-engine/5.7.0-RC1/junit-jupiter-engine-5.7.0-RC1.jar:/Users/jon/.m2/repository/org/junit/platform/junit-platform-engine/1.7.0-RC1/junit-platform-engine-1.7.0-RC1.jar:/Users/jon/.m2/repository/org/openrewrite/rewrite-test/5.0.0/rewrite-test-5.0.0.jar:/Users/jon/.m2/repository/org/openrewrite/rewrite-maven/5.0.0/rewrite-maven-5.0.0.jar:/Users/jon/.m2/repository/org/openrewrite/rewrite-xml/5.0.0/rewrite-xml-5.0.0.jar:/Users/jon/.m2/repository/org/mapdb/mapdb/3.0.8/mapdb-3.0.8.jar:/Users/jon/.m2/repository/org/jetbrains/kotlin/kotlin-stdlib/1.2.71/kotlin-stdlib-1.2.71.jar:/Users/jon/.m2/repository/org/jetbrains/kotlin/kotlin-stdlib-common/1.2.71/kotlin-stdlib-common-1.2.71.jar:/Users/jon/.m2/repository/org/jetbrains/annotations/13.0/annotations-13.0.jar:/Users/jon/.m2/repository/org/eclipse/collections/eclipse-collections-api/10.4.0/eclipse-collections-api-10.4.0.jar:/Users/jon/.m2/repository/org/eclipse/collections/eclipse-collections/10.4.0/eclipse-collections-10.4.0.jar:/Users/jon/.m2/repository/org/eclipse/collections/eclipse-collections-forkjoin/10.4.0/eclipse-collections-forkjoin-10.4.0.jar:/Users/jon/.m2/repository/com/google/guava/guava/29.0-jre/guava-29.0-jre.jar:/Users/jon/.m2/repository/com/google/guava/failureaccess/1.0.1/failureaccess-1.0.1.jar:/Users/jon/.m2/repository/com/google/guava/listenablefuture/9999.0-empty-to-avoid-conflict-with-guava/listenablefuture-9999.0-empty-to-avoid-conflict-with-guava.jar:/Users/jon/.m2/repository/org/checkerframework/checker-qual/2.11.1/checker-qual-2.11.1.jar:/Users/jon/.m2/repository/com/google/errorprone/error_prone_annotations/2.3.4/error_prone_annotations-2.3.4.jar:/Users/jon/.m2/repository/com/google/j2objc/j2objc-annotations/1.3/j2objc-annotations-1.3.jar:/Users/jon/.m2/repository/net/jpountz/lz4/lz4/1.3.0/lz4-1.3.0.jar:/Users/jon/.m2/repository/org/mapdb/elsa/3.0.0-M5/elsa-3.0.0-M5.jar:/Users/jon/.m2/repository/org/eclipse/aether/aether-api/1.1.0/aether-api-1.1.0.jar:/Users/jon/.m2/repository/org/eclipse/aether/aether-spi/1.1.0/aether-spi-1.1.0.jar:/Users/jon/.m2/repository/org/eclipse/aether/aether-util/1.1.0/aether-util-1.1.0.jar:/Users/jon/.m2/repository/org/eclipse/aether/aether-connector-basic/1.1.0/aether-connector-basic-1.1.0.jar:/Users/jon/.m2/repository/org/eclipse/aether/aether-transport-file/1.1.0/aether-transport-file-1.1.0.jar:/Users/jon/.m2/repository/org/eclipse/aether/aether-transport-http/1.1.0/aether-transport-http-1.1.0.jar:/Users/jon/.m2/repository/org/apache/httpcomponents/httpclient/4.3.5/httpclient-4.3.5.jar:/Users/jon/.m2/repository/org/apache/httpcomponents/httpcore/4.3.2/httpcore-4.3.2.jar:/Users/jon/.m2/repository/commons-codec/commons-codec/1.6/commons-codec-1.6.jar:/Users/jon/.m2/repository/org/slf4j/jcl-over-slf4j/1.6.2/jcl-over-slf4j-1.6.2.jar:/Users/jon/.m2/repository/org/apache/maven/maven-aether-provider/3.3.9/maven-aether-provider-3.3.9.jar:/Users/jon/.m2/repository/org/apache/maven/maven-model/3.3.9/maven-model-3.3.9.jar:/Users/jon/.m2/repository/org/apache/maven/maven-model-builder/3.3.9/maven-model-builder-3.3.9.jar:/Users/jon/.m2/repository/org/codehaus/plexus/plexus-interpolation/1.21/plexus-interpolation-1.21.jar:/Users/jon/.m2/repository/org/apache/maven/maven-artifact/3.3.9/maven-artifact-3.3.9.jar:/Users/jon/.m2/repository/org/apache/maven/maven-builder-support/3.3.9/maven-builder-support-3.3.9.jar:/Users/jon/.m2/repository/org/apache/maven/maven-repository-metadata/3.3.9/maven-repository-metadata-3.3.9.jar:/Users/jon/.m2/repository/org/eclipse/aether/aether-impl/1.0.2.v20150114/aether-impl-1.0.2.v20150114.jar:/Users/jon/.m2/repository/org/codehaus/plexus/plexus-component-annotations/1.6/plexus-component-annotations-1.6.jar:/Users/jon/.m2/repository/org/codehaus/plexus/plexus-utils/3.0.22/plexus-utils-3.0.22.jar:/Users/jon/.m2/repository/org/junit/jupiter/junit-jupiter-params/5.7.0-RC1/junit-jupiter-params-5.7.0-RC1.jar:/Users/jon/.m2/repository/org/assertj/assertj-core/3.17.1/assertj-core-3.17.1.jar:"/>
    <property name="java.vm.vendor" value="AdoptOpenJDK"/>
    <property name="sun.arch.data.model" value="64"/>
    <property name="java.vendor.url" value="https://adoptopenjdk.net/"/>
    <property name="os.name" value="Mac OS X"/>
    <property name="java.vm.specification.version" value="14"/>
    <property name="sun.java.launcher" value="SUN_STANDARD"/>
    <property name="user.country" value="US"/>
    <property name="sun.boot.library.path" value="/Library/Java/JavaVirtualMachines/adoptopenjdk-14.jdk/Contents/Home/lib"/>
    <property name="sun.java.command" value="/Users/jon/Projects/github/moderneinc/jhipster-cwe-338/target/surefire/surefirebooter7068235937197583386.jar /Users/jon/Projects/github/moderneinc/jhipster-cwe-338/target/surefire 2020-09-05T15-31-44_108-jvmRun1 surefire9243405416340955335tmp surefire_014738714347562817068tmp"/>
    <property name="http.nonProxyHosts" value="local|*.local|169.254/16|*.169.254/16"/>
    <property name="jdk.debug" value="release"/>
    <property name="surefire.test.class.path" value="/Users/jon/Projects/github/moderneinc/jhipster-cwe-338/target/test-classes:/Users/jon/Projects/github/moderneinc/jhipster-cwe-338/target/classes:/Users/jon/.m2/repository/com/google/cloud/functions/functions-framework-api/1.0.2/functions-framework-api-1.0.2.jar:/Users/jon/.m2/repository/io/cloudevents/cloudevents-api/2.0.0-milestone1/cloudevents-api-2.0.0-milestone1.jar:/Users/jon/.m2/repository/org/openrewrite/rewrite-java-11/5.0.0/rewrite-java-11-5.0.0.jar:/Users/jon/.m2/repository/org/openrewrite/rewrite-core/5.0.0/rewrite-core-5.0.0.jar:/Users/jon/.m2/repository/javax/inject/javax.inject/1/javax.inject-1.jar:/Users/jon/.m2/repository/io/micrometer/micrometer-core/1.5.4/micrometer-core-1.5.4.jar:/Users/jon/.m2/repository/org/hdrhistogram/HdrHistogram/2.1.12/HdrHistogram-2.1.12.jar:/Users/jon/.m2/repository/org/latencyutils/LatencyUtils/2.0.3/LatencyUtils-2.0.3.jar:/Users/jon/.m2/repository/org/kohsuke/github-api/1.116/github-api-1.116.jar:/Users/jon/.m2/repository/commons-io/commons-io/2.4/commons-io-2.4.jar:/Users/jon/.m2/repository/com/google/code/findbugs/jsr305/3.0.2/jsr305-3.0.2.jar:/Users/jon/.m2/repository/org/eclipse/jgit/org.eclipse.jgit/5.8.1.202007141445-r/org.eclipse.jgit-5.8.1.202007141445-r.jar:/Users/jon/.m2/repository/com/googlecode/javaewah/JavaEWAH/1.1.7/JavaEWAH-1.1.7.jar:/Users/jon/.m2/repository/com/fasterxml/jackson/core/jackson-databind/2.11.2/jackson-databind-2.11.2.jar:/Users/jon/.m2/repository/com/fasterxml/jackson/core/jackson-core/2.11.2/jackson-core-2.11.2.jar:/Users/jon/.m2/repository/com/fasterxml/jackson/dataformat/jackson-dataformat-smile/2.11.2/jackson-dataformat-smile-2.11.2.jar:/Users/jon/.m2/repository/com/koloboke/koloboke-api-jdk8/1.0.0/koloboke-api-jdk8-1.0.0.jar:/Users/jon/.m2/repository/com/koloboke/koloboke-impl-jdk8/1.0.0/koloboke-impl-jdk8-1.0.0.jar:/Users/jon/.m2/repository/com/koloboke/koloboke-impl-common-jdk8/1.0.0/koloboke-impl-common-jdk8-1.0.0.jar:/Users/jon/.m2/repository/io/github/classgraph/classgraph/4.8.89/classgraph-4.8.89.jar:/Users/jon/.m2/repository/org/yaml/snakeyaml/1.26/snakeyaml-1.26.jar:/Users/jon/.m2/repository/org/openrewrite/rewrite-java/5.0.0/rewrite-java-5.0.0.jar:/Users/jon/.m2/repository/com/fasterxml/jackson/core/jackson-annotations/2.11.2/jackson-annotations-2.11.2.jar:/Users/jon/.m2/repository/org/antlr/antlr4/4.8-1/antlr4-4.8-1.jar:/Users/jon/.m2/repository/org/antlr/antlr4-runtime/4.8-1/antlr4-runtime-4.8-1.jar:/Users/jon/.m2/repository/org/antlr/antlr-runtime/3.5.2/antlr-runtime-3.5.2.jar:/Users/jon/.m2/repository/org/antlr/ST4/4.3/ST4-4.3.jar:/Users/jon/.m2/repository/org/abego/treelayout/org.abego.treelayout.core/1.0.3/org.abego.treelayout.core-1.0.3.jar:/Users/jon/.m2/repository/org/glassfish/javax.json/1.0.4/javax.json-1.0.4.jar:/Users/jon/.m2/repository/com/ibm/icu/icu4j/61.1/icu4j-61.1.jar:/Users/jon/.m2/repository/commons-lang/commons-lang/2.6/commons-lang-2.6.jar:/Users/jon/.m2/repository/org/ow2/asm/asm/9.0-beta/asm-9.0-beta.jar:/Users/jon/.m2/repository/org/ow2/asm/asm-util/9.0-beta/asm-util-9.0-beta.jar:/Users/jon/.m2/repository/org/ow2/asm/asm-tree/9.0-beta/asm-tree-9.0-beta.jar:/Users/jon/.m2/repository/org/ow2/asm/asm-analysis/9.0-beta/asm-analysis-9.0-beta.jar:/Users/jon/.m2/repository/org/slf4j/slf4j-api/1.7.30/slf4j-api-1.7.30.jar:/Users/jon/.m2/repository/org/apache/commons/commons-lang3/3.11/commons-lang3-3.11.jar:/Users/jon/.m2/repository/ch/qos/logback/logback-core/1.0.13/logback-core-1.0.13.jar:/Users/jon/.m2/repository/org/jetbrains/kotlin/kotlin-reflect/1.4.0/kotlin-reflect-1.4.0.jar:/Users/jon/.m2/repository/org/jetbrains/kotlin/kotlin-stdlib-jdk8/1.4.0/kotlin-stdlib-jdk8-1.4.0.jar:/Users/jon/.m2/repository/org/jetbrains/kotlin/kotlin-stdlib-jdk7/1.4.0/kotlin-stdlib-jdk7-1.4.0.jar:/Users/jon/.m2/repository/org/junit/jupiter/junit-jupiter-api/5.7.0-RC1/junit-jupiter-api-5.7.0-RC1.jar:/Users/jon/.m2/repository/org/apiguardian/apiguardian-api/1.1.0/apiguardian-api-1.1.0.jar:/Users/jon/.m2/repository/org/opentest4j/opentest4j/1.2.0/opentest4j-1.2.0.jar:/Users/jon/.m2/repository/org/junit/platform/junit-platform-commons/1.7.0-RC1/junit-platform-commons-1.7.0-RC1.jar:/Users/jon/.m2/repository/org/junit/jupiter/junit-jupiter-engine/5.7.0-RC1/junit-jupiter-engine-5.7.0-RC1.jar:/Users/jon/.m2/repository/org/junit/platform/junit-platform-engine/1.7.0-RC1/junit-platform-engine-1.7.0-RC1.jar:/Users/jon/.m2/repository/org/openrewrite/rewrite-test/5.0.0/rewrite-test-5.0.0.jar:/Users/jon/.m2/repository/org/openrewrite/rewrite-maven/5.0.0/rewrite-maven-5.0.0.jar:/Users/jon/.m2/repository/org/openrewrite/rewrite-xml/5.0.0/rewrite-xml-5.0.0.jar:/Users/jon/.m2/repository/org/mapdb/mapdb/3.0.8/mapdb-3.0.8.jar:/Users/jon/.m2/repository/org/jetbrains/kotlin/kotlin-stdlib/1.2.71/kotlin-stdlib-1.2.71.jar:/Users/jon/.m2/repository/org/jetbrains/kotlin/kotlin-stdlib-common/1.2.71/kotlin-stdlib-common-1.2.71.jar:/Users/jon/.m2/repository/org/jetbrains/annotations/13.0/annotations-13.0.jar:/Users/jon/.m2/repository/org/eclipse/collections/eclipse-collections-api/10.4.0/eclipse-collections-api-10.4.0.jar:/Users/jon/.m2/repository/org/eclipse/collections/eclipse-collections/10.4.0/eclipse-collections-10.4.0.jar:/Users/jon/.m2/repository/org/eclipse/collections/eclipse-collections-forkjoin/10.4.0/eclipse-collections-forkjoin-10.4.0.jar:/Users/jon/.m2/repository/com/google/guava/guava/29.0-jre/guava-29.0-jre.jar:/Users/jon/.m2/repository/com/google/guava/failureaccess/1.0.1/failureaccess-1.0.1.jar:/Users/jon/.m2/repository/com/google/guava/listenablefuture/9999.0-empty-to-avoid-conflict-with-guava/listenablefuture-9999.0-empty-to-avoid-conflict-with-guava.jar:/Users/jon/.m2/repository/org/checkerframework/checker-qual/2.11.1/checker-qual-2.11.1.jar:/Users/jon/.m2/repository/com/google/errorprone/error_prone_annotations/2.3.4/error_prone_annotations-2.3.4.jar:/Users/jon/.m2/repository/com/google/j2objc/j2objc-annotations/1.3/j2objc-annotations-1.3.jar:/Users/jon/.m2/repository/net/jpountz/lz4/lz4/1.3.0/lz4-1.3.0.jar:/Users/jon/.m2/repository/org/mapdb/elsa/3.0.0-M5/elsa-3.0.0-M5.jar:/Users/jon/.m2/repository/org/eclipse/aether/aether-api/1.1.0/aether-api-1.1.0.jar:/Users/jon/.m2/repository/org/eclipse/aether/aether-spi/1.1.0/aether-spi-1.1.0.jar:/Users/jon/.m2/repository/org/eclipse/aether/aether-util/1.1.0/aether-util-1.1.0.jar:/Users/jon/.m2/repository/org/eclipse/aether/aether-connector-basic/1.1.0/aether-connector-basic-1.1.0.jar:/Users/jon/.m2/repository/org/eclipse/aether/aether-transport-file/1.1.0/aether-transport-file-1.1.0.jar:/Users/jon/.m2/repository/org/eclipse/aether/aether-transport-http/1.1.0/aether-transport-http-1.1.0.jar:/Users/jon/.m2/repository/org/apache/httpcomponents/httpclient/4.3.5/httpclient-4.3.5.jar:/Users/jon/.m2/repository/org/apache/httpcomponents/httpcore/4.3.2/httpcore-4.3.2.jar:/Users/jon/.m2/repository/commons-codec/commons-codec/1.6/commons-codec-1.6.jar:/Users/jon/.m2/repository/org/slf4j/jcl-over-slf4j/1.6.2/jcl-over-slf4j-1.6.2.jar:/Users/jon/.m2/repository/org/apache/maven/maven-aether-provider/3.3.9/maven-aether-provider-3.3.9.jar:/Users/jon/.m2/repository/org/apache/maven/maven-model/3.3.9/maven-model-3.3.9.jar:/Users/jon/.m2/repository/org/apache/maven/maven-model-builder/3.3.9/maven-model-builder-3.3.9.jar:/Users/jon/.m2/repository/org/codehaus/plexus/plexus-interpolation/1.21/plexus-interpolation-1.21.jar:/Users/jon/.m2/repository/org/apache/maven/maven-artifact/3.3.9/maven-artifact-3.3.9.jar:/Users/jon/.m2/repository/org/apache/maven/maven-builder-support/3.3.9/maven-builder-support-3.3.9.jar:/Users/jon/.m2/repository/org/apache/maven/maven-repository-metadata/3.3.9/maven-repository-metadata-3.3.9.jar:/Users/jon/.m2/repository/org/eclipse/aether/aether-impl/1.0.2.v20150114/aether-impl-1.0.2.v20150114.jar:/Users/jon/.m2/repository/org/codehaus/plexus/plexus-component-annotations/1.6/plexus-component-annotations-1.6.jar:/Users/jon/.m2/repository/org/codehaus/plexus/plexus-utils/3.0.22/plexus-utils-3.0.22.jar:/Users/jon/.m2/repository/org/junit/jupiter/junit-jupiter-params/5.7.0-RC1/junit-jupiter-params-5.7.0-RC1.jar:/Users/jon/.m2/repository/org/assertj/assertj-core/3.17.1/assertj-core-3.17.1.jar:"/>
    <property name="sun.cpu.endian" value="little"/>
    <property name="user.home" value="/Users/jon"/>
    <property name="user.language" value="en"/>
    <property name="java.specification.vendor" value="Oracle Corporation"/>
    <property name="java.version.date" value="2020-07-14"/>
    <property name="java.home" value="/Library/Java/JavaVirtualMachines/adoptopenjdk-14.jdk/Contents/Home"/>
    <property name="file.separator" value="/"/>
    <property name="basedir" value="/Users/jon/Projects/github/moderneinc/jhipster-cwe-338"/>
    <property name="java.vm.compressedOopsMode" value="Zero based"/>
    <property name="line.separator" value="&#10;"/>
    <property name="java.specification.name" value="Java Platform API Specification"/>
    <property name="java.vm.specification.vendor" value="Oracle Corporation"/>
    <property name="surefire.real.class.path" value="/Users/jon/Projects/github/moderneinc/jhipster-cwe-338/target/surefire/surefirebooter7068235937197583386.jar"/>
    <property name="sun.management.compiler" value="HotSpot 64-Bit Tiered Compilers"/>
    <property name="ftp.nonProxyHosts" value="local|*.local|169.254/16|*.169.254/16"/>
    <property name="java.runtime.version" value="14.0.2+12"/>
    <property name="user.name" value="jon"/>
    <property name="path.separator" value=":"/>
    <property name="os.version" value="10.15.6"/>
    <property name="java.runtime.name" value="OpenJDK Runtime Environment"/>
    <property name="file.encoding" value="UTF-8"/>
    <property name="java.vm.name" value="OpenJDK 64-Bit Server VM"/>
    <property name="java.vendor.version" value="AdoptOpenJDK"/>
    <property name="localRepository" value="/Users/jon/.m2/repository"/>
    <property name="java.vendor.url.bug" value="https://github.com/AdoptOpenJDK/openjdk-support/issues"/>
    <property name="java.io.tmpdir" value="/var/folders/80/m6sbhpl90xl20flsq75x2f840000gn/T/"/>
    <property name="java.version" value="14.0.2"/>
    <property name="user.dir" value="/Users/jon/Projects/github/moderneinc/jhipster-cwe-338"/>
    <property name="os.arch" value="x86_64"/>
    <property name="java.vm.specification.name" value="Java Virtual Machine Specification"/>
    <property name="java.library.path" value="/Users/jon/Library/Java/Extensions:/Library/Java/Extensions:/Network/Library/Java/Extensions:/System/Library/Java/Extensions:/usr/lib/java:."/>
    <property name="java.vm.info" value="mixed mode, sharing"/>
    <property name="java.vendor" value="AdoptOpenJDK"/>
    <property name="java.vm.version" value="14.0.2+12"/>
    <property name="sun.io.unicode.encoding" value="UnicodeBig"/>
    <property name="socksNonProxyHosts" value="local|*.local|169.254/16|*.169.254/16"/>
    <property name="java.class.version" value="58.0"/>
  </properties>
  <testcase name="cwe338" classname="io.moderne.cwe338.CWE338Test" time="0.42"/>
</testsuite>